252
-128 00101011
-127 00110010
-126 01010001
-125 00001111
-124 01110111
-123 10011101
-122 10001100
-120 00010110
-119 00101100
-118 01110010
-117 10010000
-116 10101110
-115 10110011
-114 01001001
-113 01110100
-111 10000001
-110 11010001
-109 10001110
-108 11000100
-107 01110000
-106 00101110
-105 01010111
-104 10010110
-103 1110110000
-102 00100001
-101 1110111100
-100 10010010
-99 00010101
-98 01100001
-97 1110110001
-96 01100110
-95 1110111110
-94 10011011
-93 01110110
-92 01000100
-91 11001010
-90 00000000
-89 00010000
-88 10001001
-87 10111100
-86 11000000
-85 10101101
-84 00011111
-83 01111110
-82 10101011
-81 10111011
-80 00001011
-79 00001000
-78 10011100
-77 00110101
-76 10010001
-75 00001010
-74 01101010
-73 01111010
-72 00010100
-71 1110110111
-70 10011111
-69 10100100
-68 01100100
-67 10110110
-66 01000000
-65 01100101
-64 10100101
-63 10010011
-62 1110110010
-61 10100110
-60 00101001
-59 1110111111
-58 10111000
-57 10101000
-56 01001100
-55 01101101
-54 1110111010
-53 00111000
-52 00000101
-51 00000111
-50 01000110
-49 10100000
-48 00101101
-47 01011111
-46 00100101
-45 00111011
-44 11000101
-43 00000001
-42 10100001
-41 00100110
-40 10010111
-39 10111111
-38 00111100
-37 00111101
-35 00100000
-34 10111110
-33 01010100
-32 10110100
-31 10001011
-30 01001000
-29 00001001
-28 01010101
-27 00111111
-26 00010010
-25 00000010
-24 00000011
-23 00010011
-22 00100011
-21 1110110100
-20 00110000
-19 01110101
-18 10111010
-17 10110001
-16 1110110101
-15 10000110
-14 1110111000
-13 10000111
-12 11010100
-11 10000000
-10 00101000
-9 10000011
-8 01010011
-7 00001101
-6 01001010
-5 1110111001
-4 10011001
-3 10101010
-2 01110011
-1 11010010
0 1111
1 11011110
2 11100111
3 11100001
4 11011111
5 01100111
6 11010101
7 10100111
8 11100110
9 01011101
10 01001011
11 01000010
12 00101010
13 00010111
14 00011100
15 10101001
16 10111001
17 00100100
18 10000010
19 01000011
20 11011000
21 11001111
22 00110011
23 01101110
24 11001001
25 01000101
26 11010111
27 11000011
28 00000110
29 1110111011
30 00011101
31 01000111
32 10001000
33 11100100
34 00111001
35 10010101
36 01011110
37 01111100
38 00010001
39 00111010
40 01111101
41 01101111
42 1011110111101011
43 01001101
44 01001110
45 11001100
46 11010110
47 11011010
48 10110101
49 10001111
50 00011110
51 10100010
52 11000110
53 11001000
54 10011000
55 01011000
56 01110001
57 00100111
58 10000100
59 01001111
60 10001010
61 00101111
62 01011001
63 01011010
64 00111110
65 01011011
66 1110110011
67 00011000
68 10011110
69 01100000
70 10101100
71 01101000
72 01101001
73 11010000
74 10011010
75 11101000
76 01111111
77 00100010
78 00110100
79 01111000
80 11011011
81 10101111
82 11000111
83 1110111101
84 01111001
85 01010110
86 10110000
88 10100011
89 00110110
90 01100010
91 11000001
92 01010000
93 11000010
94 1110110110
95 10000101
96 00011001
97 00110001
98 00001100
99 00110111
100 11100010
101 11100101
102 00011010
103 01111011
104 10110111
105 11001011
106 11001110
107 01100011
108 11101001
109 11101010
110 11001101
111 11100011
112 01010010
113 01101011
114 11011100
115 11011001
116 11011101
117 10010100
118 00000100
119 11010011
120 11100000
121 10110010
122 10001101
123 01000001
124 00001110
125 01101100
126 00011011
127 01011100
.docx
4
