62
-128 0010110011001011
-108 0010110011001010
-30 00101100110000
13 00101110
32 01
33 110101110000
34 11110110
39 11010101
44 001000
45 0010111111
46 100001
59 110101111000
63 1101011101
65 1101011010
66 0010111110
67 0010111100
68 110101110011
69 00101100110011
70 001011001101
71 11010111101110
72 1101011111
73 11010100
74 11010111101111
75 11010111101101
76 001011001110
77 0010110000
78 0010111101
79 110101110001
80 0010110010
81 00101100110001
82 001011001111
83 1101011001
84 00101101
86 11010111101100
87 1101011000
89 1101011011
97 1011
98 001001
99 100000
100 111111
101 1110
102 001010
103 100011
104 1001
105 0001
106 110101111010
107 11110101
108 111100
109 110100
110 0011
111 1010
112 11110111
113 0010110001
114 111110
115 0000
116 1100
117 110110
118 11110100
119 110111
120 110101111001
121 100010
122 110101110010
.txt
2
