248
-128 01111101
-127 00000101
-126 00101110
-125 00001101
-124 00010101
-123 10010001
-122 01000000
-121 10101111
-120 00100001
-119 01001000
-118 01011110
-117 00101011
-116 00111101
-115 10110101
-114 11000111
-113 01100111
-112 10110100
-111 10001001
-110 11010111
-109 01001010
-108 01110100
-107 10111100
-106 10110110
-105 10110001
-104 00011010
-103 00110101
-102 10010100
-101 01110111
-100 01010010
-99 01011111
-98 10010111
-97 00101101
-96 00011110
-95 01000100
-94 00010011
-93 01000001
-92 10011101
-91 10110010
-90 01100010
-89 01110010
-88 00111011
-87 01010001
-85 10100110
-84 00001010
-83 11110010
-82 11110001
-81 11111010
-79 01000011
-78 10001011
-77 00100111
-76 11000110
-75 11100011
-74 11110101
-73 11111000
-72 11110000
-71 11101010
-70 10111110
-69 11110100
-68 11010001
-67 11000100
-66 10011000
-65 01100110
-64 00011111
-63 00101111
-62 00111100
-61 01111011
-60 01101011
-59 10101010
-58 11000010
-57 11101101
-56 10011001
-55 10000000
-54 10000010
-53 10111101
-52 01001111
-51 10010101
-50 01100011
-49 01010100
-48 00001100
-47 00011011
-46 11001110
-45 01111010
-44 01011000
-43 10000100
-42 11010101
-41 11111011
-40 01010101
-39 11000101
-38 11001100
-37 11111100
-36 11101100
-35 11101111
-34 10100010
-33 10101101
-32 01011001
-31 10100101
-30 11100001
-29 11010110
-28 10011100
-27 10001110
-26 10100100
-25 10100001
-23 10100000
-22 01111000
-21 11000000
-20 01110001
-19 11101110
-18 11100100
-17 01110110
-16 00010000
-15 10010010
-14 10010110
-13 01101001
-12 00100100
-11 01100101
-10 11011101
-9 11100000
-8 00011100
-7 01011100
-6 00101100
-5 10101100
-4 00010110
-3 01101101
-2 00110000
-1 10111000
0 110110
1 10110111
2 01000111
3 01101100
4 00111001
5 00110001
7 01100100
8 00010111
9 00101000
10 10001100
11 00001011
12 00000111
13 01001101
14 11000001
15 01001110
16 00100110
17 00010010
18 01010111
19 00001001
20 01111111
21 01100001
22 00100011
23 00110111
24 00111000
25 00001000
26 10111010
27 01000010
28 11101000
29 10011010
30 10101110
31 00101010
32 11111110
33 10010000
34 00010001
35 10001010
36 10111011
37 10000110
38 00000100
39 01101110
40 01010011
41 10001101
42 0000001000000111111111
43 11010011
44 00000110
45 11010100
46 10100011
47 00011000
49 01011101
50 00111110
52 01010000
53 11100111
54 10000111
55 01011010
56 11100010
57 10011011
58 10101000
59 01111001
60 10100111
61 10010011
62 00100101
63 00111111
64 01000101
65 00111010
66 10000011
67 01110011
69 00110011
70 01011011
71 01101000
72 10101011
73 11001011
74 11001101
75 10011111
76 00010100
77 01100000
78 10000101
79 01010110
80 01111110
81 00101001
82 10110000
83 01101010
84 00110100
85 00001110
86 01001011
87 11110011
88 00001111
89 00011101
90 11001111
91 11101001
92 11101011
93 11000011
94 11001010
95 10101001
97 00110110
98 00011001
99 10111111
100 01110101
101 10001111
102 00100000
103 00100010
104 01000110
105 11011111
106 01111100
107 11111101
108 10001000
109 11111001
110 11110110
111 11010000
112 11011110
113 11110111
114 11001001
115 11100110
116 10011110
117 11011100
118 11010010
119 10111001
120 10110011
121 11001000
122 01001001
123 11100101
124 01001100
125 01110000
126 00110010
127 01101111
.jpg
0
