246
-128 1010011010
-127 101110111011
-126 01101010
-125 100011110100
-124 10100111
-123 10100101110000
-122 0111100111
-121 0111101001
-120 0111000010
-119 100011110110
-118 101111001110
-117 1010110001
-116 101010000110
-115 1000010010
-114 0111101111
-113 1010101111
-112 1011111011
-111 0100000101
-110 101001011101
-109 101000010111
-108 1000111110
-107 101111001111
-106 1010101110
-105 1010011001
-104 1010110000
-103 101010001001
-102 1010001010
-101 10100101110001
-100 0100000100
-99 0111000000
-98 0111000111
-97 101110111010
-96 0101100011
-95 100011110111
-94 0101110100
-93 101000010101
-92 0111000001
-91 011110111001
-90 101100101110
-88 0111010000
-87 1010010111001111
-86 101101010101
-84 0101111100
-82 0101111101
-80 1010100011
-79 101111100000
-78 101010000101
-77 010001001110
-76 0101111111
-75 0101101100
-74 101010000111
-73 011110111011
-72 101000110011
-71 1010011000
-70 1011110010
-69 011110110001
-68 0111101101
-66 011110110010
-65 101110111000
-64 101010001010
-63 10100101110010
-62 101110111001
-61 010001001100
-60 101010001011
-59 100011110101
-58 101100101100
-57 011110111000
-56 1010001101
-55 1010000110
-54 101000010100
-53 101100101101
-52 0101011100
-51 0101110101
-50 0101011101
-49 0111000011
-48 0101110110
-47 101100101111
-46 101101010100
-45 1000111100
-44 101000010110
-43 101111001101
-42 0111010001
-41 101001011111
-40 0100000110
-39 0101100000
-38 0101110111
-37 101000110000
-36 0111010010
-35 010001001101
-34 101000110001
-32 0101100010
-31 101010000100
-30 0111101011
-29 101111100001
-28 0111000101
-27 01010100
-26 101111100010
-25 011110111010
-24 101111100011
-23 101000110010
-22 011110110000
-20 0111000110
-19 1000010001
-18 01011110
-17 0111100101
-16 01000000
-15 1010000100
-14 1011000110
-13 101000101100
-12 101101010111
-11 0100010001
-10 10001011
-8 0100010010
-7 1011101101
-6 10001100
-5 10111010
-4 1011110001
-3 10110100
-2 1011100000
-1 00
0 11
1 100000
2 10001000
3 01110010
4 01111110
5 10100000
6 10111001
7 01011010
8 10000111
9 10110110
10 01110111
11 10101001
12 010100
13 011001
14 10101111
15 10001101
16 010011
17 10111111
18 10111101
19 01110110
20 10101010
21 01100001
22 01111101
23 01000110
24 01110101
25 10000101
26 10101110
27 1011010110
28 0101011110
29 01101011
30 1011011111
31 0101011111
32 10110000
33 1011000101
34 01000011
35 1010101100
36 1011111001
37 1000100111
38 1011101100
39 101111001100
40 10110011
41 101001011110
42 01000101101000101111
43 1010000111
44 1010101101
45 1011100011
46 01011100
47 1010001111
48 1001
49 1000111111
50 1010011011
51 1000111000
52 1011101111
53 1000111001
54 1010100000
55 1011110000
56 1000111010
57 1000100100
58 01010101
59 1010010100
60 0111010011
61 1010001110
62 0101100001
64 1010010110
65 0111000100
66 1011010111
67 01011001
68 01100010
69 0111101010
70 1000111011
71 101101010110
72 0111100100
73 1010001000
74 1010001001
75 010001001111
76 0101111110
77 0100000111
78 011011
79 01000111
80 1011000111
81 01010110
82 01110011
83 10100100
84 01111000
85 101010001000
86 0100010000
87 01001001
88 0101101101
89 1011011110
90 0101101110
91 10000110
92 01100000
93 0111100110
94 01001011
96 1011001001
97 1011011101
98 1011111010
99 1000100101
100 01000010
101 01111100
102 01101000
103 01111111
104 10001010
105 1000010011
106 1011100001
107 1011100010
108 1000100110
109 1011000100
110 01101001
111 01100011
112 1011010100
113 101000101101
114 1011001010
115 1010110011
116 1011001000
117 1000010000
118 10101101
119 0101101111
120 01001010
121 0111101000
122 1010110010
123 1011011100
124 101000101110
125 011110110011
126 1010010101
127 01001000
.doc
0
