86
â 0111101001
ä 0111001110
è 0111001011
ë 111000101110
ò 0111101010
õ 1110000110
¢ 0100001110
£ 111000101111
ß 0111100010
® 0111001100
¨ 1110000101
Æ 0111000100
≤ 0111000101
π 0100001111
‰ 1101000000
Â 1111010010
Á 0111100000
Ë 1110001000
È 0111100011

 0110
" 11100011
# 101111
& 0111001111
( 100111
) 101100
* 0111000110
, 010001
- 01000001
. 010010
/ 11110110
0 10111010
1 1101000001
3 01110000
8 0111100001
: 11110101
; 101101
< 100100
= 10111000
> 100101
B 1111010011
D 01000010
E 1101000011
F 0111001101
G 0111001000
I 01111001
J 0111001001
K 0111001010
L 11100000
N 10111001
O 1110000111
P 01000000
Q 0111000111
R 0100001100
T 0100001101
U 11010011
[ 1111010000
] 1111010001
_ 00
a 110101
b 011101
c 111001
d 111111
e 1100
f 110111
g 010011
h 11110111
i 1010
k 10111011
l 111010
m 011111
n 1000
o 111011
p 100110
q 1110001001
r 110110
s 111110
t 0101
u 111100
v 0111101000
w 01111011
x 11010001
y 11010010
z 0111101011
{ 1110000100
| 1110001010
} 1101000010
.cpp
4
