63
€ 1101011100000101
” 1101011100000110
â 1101011100000111

 10000010
! 100000110011
" 11110110
' 11010101
, 001000
- 1000001111
. 100001
/ 11010111101100
; 110101111000
? 1101011101
A 1101011010
B 1000001110
C 1000000011
D 110101110011
E 11010111000010
F 100000110000
G 11010111101110
H 1101011111
I 11010100
J 11010111101111
K 11010111101101
L 100000110001
M 1000000000
N 1000001101
O 110101110001
P 1000000001
Q 11010111000000
R 100000110010
S 1101011001
T 10000001
V 11010111000011
W 1101011000
Y 1101011011
_ 01
a 1011
b 001001
c 001011
d 111111
e 1110
f 001010
g 100011
h 1001
i 0001
j 110101111010
k 11110101
l 111100
m 110100
n 0011
o 1010
p 11110111
q 1000000010
r 111110
s 0000
t 1100
u 110110
v 11110100
w 110111
x 110101111001
y 100010
z 110101110010
.txt
0
