159
Ä 011100111
Å 110111110011
Ç 010111010
É 110111110000
Ñ 010111001
Ö 110111100110
Ü 110111000001
á 111111010001
à 010000111
â 010000100
ä 111100101001
ã 110111000111
å 011100001
ç 111111100101
é 111111010110
è 010000001
ê 111111010111
ë 110111110101
í 010000110000
ì 110111000101
î 110111100010
ï 110111000110
ñ 101010101010
ó 110111100101
ò 111111100010
ô 110111000011
ö 010111011
õ 111100101010
ú 010000101
ù 110111000100
û 101010101110
ü 101010101011
† 111100101000
° 110111100011
¢ 111100101101
£ 101010101001
§ 101010101111
• 111100101110
¶ 110111000010
ß 110111110100
® 110111110010
™ 110111100000
´ 010000110011
¨ 101010101101
≠ 110111110111
Æ 111111010010
Ø 111111100100
∞ 010000010
± 110111100111
≤ 011100000001
≥ 011100000110
¥ 110111000000
µ 011100000111
∂ 111111010101
∑ 101010101000
∏ 011100100
π 111111100111
∫ 010000000
ª 010111000
º 011100011
Ω 111111010000
æ 111100101011
ø 111100101111
‚ 010000110110110
„ 110111110001
‰ 101010111
Â 111100110
Ê 111100001
Á 110111001
Ë 011100110
È 011100010
Ô 010111100
	 010000110010

 111100010
! 010000110101
" 110101
# 011100101
% 110111100100
& 011100000011
' 010000011
( 010111110
) 010111111
* 010000110100111111010011
+ 011100000000
, 101010010
- 110011
. 111111001
/ 010010
0 111011
1 001
2 000
3 111101
4 111110
5 111010
6 111001
7 111000
8 110110
9 110001
: 010110
; 111111111
< 011010
= 011110
> 011011
? 010000110110100
A 110111101
B 111111010100
C 101010011
D 110111110110
E 110111010
F 111100101100
G 110111100001
H 111100011
I 101010110
J 110111011
K 010000110001
L 101010100
M 010011
N 111111100001
O 011100000100
P 101010101100
Q 101101
R 011100000010
S 111111100011
T 101110
U 011100000101
V 111111100110
Z 010111101
\ 010000110110111
^ 010000110110010
_ 100
a 101100
b 111100100
c 010101
d 011101
e 110100
f 111111101
g 111111110
h 011000
i 110000
k 111111000
l 011111
m 010001
n 101000
o 101001
p 011001
q 010000110111
r 101111
s 101011
t 110010
u 111111011
v 110111111
w 111100111
x 010100
y 111100000
z 111111100000
{ 101010001
| 010000110110011
} 101010000
~ 010000110110101
.html
1
